# JRE version: OpenJDK Runtime Environment (8.0_242-b01) (build 1.8.0_242-release-1644-b01)
# Java VM: OpenJDK 64-Bit Server VM (25.242-b01 mixed mode windows-amd64 compressed oops)
Heap:
 PSYoungGen      total 218112K, used 174638K [0x00000000d5580000, 0x00000000e8800000, 0x0000000100000000)
  eden space 196608K, 82% used [0x00000000d5580000,0x00000000df350d40,0x00000000e1580000)
  from space 21504K, 60% used [0x00000000e1580000,0x00000000e223adc8,0x00000000e2a80000)
  to   space 16896K, 0% used [0x00000000e7780000,0x00000000e7780000,0x00000000e8800000)
 ParOldGen       total 321024K, used 15481K [0x0000000080000000, 0x0000000093980000, 0x00000000d5580000)
  object space 321024K, 4% used [0x0000000080000000,0x0000000080f1e770,0x0000000093980000)
 Metaspace       used 56482K, capacity 58794K, committed 58920K, reserved 1099776K
  class space    used 7661K, capacity 8132K, committed 8240K, reserved 1048576K
GC Heap History (10 events):
Event: 2.012 GC heap before
{Heap before GC invocations=3 (full 1):
 PSYoungGen      total 153088K, used 13731K [0x00000000d5580000, 0x00000000e0000000, 0x0000000100000000)
  eden space 131584K, 0% used [0x00000000d5580000,0x00000000d5580000,0x00000000dd600000)
  from space 21504K, 63% used [0x00000000deb00000,0x00000000df868c98,0x00000000e0000000)
  to   space 21504K, 0% used [0x00000000dd600000,0x00000000dd600000,0x00000000deb00000)
 ParOldGen       total 349696K, used 24K [0x0000000080000000, 0x0000000095580000, 0x00000000d5580000)
  object space 349696K, 0% used [0x0000000080000000,0x0000000080006000,0x0000000095580000)
 Metaspace       used 20557K, capacity 21208K, committed 21296K, reserved 1067008K
  class space    used 2873K, capacity 3076K, committed 3120K, reserved 1048576K
Event: 2.033 GC heap after
Heap after GC invocations=3 (full 1):
 PSYoungGen      total 153088K, used 0K [0x00000000d5580000, 0x00000000e0000000, 0x0000000100000000)
  eden space 131584K, 0% used [0x00000000d5580000,0x00000000d5580000,0x00000000dd600000)
  from space 21504K, 0% used [0x00000000deb00000,0x00000000deb00000,0x00000000e0000000)
  to   space 21504K, 0% used [0x00000000dd600000,0x00000000dd600000,0x00000000deb00000)
 ParOldGen       total 209408K, used 13177K [0x0000000080000000, 0x000000008cc80000, 0x00000000d5580000)
  object space 209408K, 6% used [0x0000000080000000,0x0000000080cde7b0,0x000000008cc80000)
 Metaspace       used 20557K, capacity 21208K, committed 21296K, reserved 1067008K
  class space    used 2873K, capacity 3076K, committed 3120K, reserved 1048576K
}
Event: 2.722 GC heap before
{Heap before GC invocations=4 (full 1):
 PSYoungGen      total 153088K, used 131584K [0x00000000d5580000, 0x00000000e0000000, 0x0000000100000000)
  eden space 131584K, 100% used [0x00000000d5580000,0x00000000dd600000,0x00000000dd600000)
  from space 21504K, 0% used [0x00000000deb00000,0x00000000deb00000,0x00000000e0000000)
  to   space 21504K, 0% used [0x00000000dd600000,0x00000000dd600000,0x00000000deb00000)
 ParOldGen       total 209408K, used 13177K [0x0000000080000000, 0x000000008cc80000, 0x00000000d5580000)
  object space 209408K, 6% used [0x0000000080000000,0x0000000080cde7b0,0x000000008cc80000)
 Metaspace       used 32694K, capacity 33708K, committed 33968K, reserved 1079296K
  class space    used 4471K, capacity 4750K, committed 4784K, reserved 1048576K
Event: 2.728 GC heap after
Heap after GC invocations=4 (full 1):
 PSYoungGen      total 153088K, used 14617K [0x00000000d5580000, 0x00000000e3f80000, 0x0000000100000000)
  eden space 131584K, 0% used [0x00000000d5580000,0x00000000d5580000,0x00000000dd600000)
  from space 21504K, 67% used [0x00000000dd600000,0x00000000de446750,0x00000000deb00000)
  to   space 21504K, 0% used [0x00000000e2a80000,0x00000000e2a80000,0x00000000e3f80000)
 ParOldGen       total 209408K, used 13185K [0x0000000080000000, 0x000000008cc80000, 0x00000000d5580000)
  object space 209408K, 6% used [0x0000000080000000,0x0000000080ce07b0,0x000000008cc80000)
 Metaspace       used 32694K, capacity 33708K, committed 33968K, reserved 1079296K
  class space    used 4471K, capacity 4750K, committed 4784K, reserved 1048576K
}
Event: 2.862 GC heap before
{Heap before GC invocations=5 (full 1):
 PSYoungGen      total 153088K, used 50616K [0x00000000d5580000, 0x00000000e3f80000, 0x0000000100000000)
  eden space 131584K, 27% used [0x00000000d5580000,0x00000000d78a7918,0x00000000dd600000)
  from space 21504K, 67% used [0x00000000dd600000,0x00000000de446750,0x00000000deb00000)
  to   space 21504K, 0% used [0x00000000e2a80000,0x00000000e2a80000,0x00000000e3f80000)
 ParOldGen       total 209408K, used 13185K [0x0000000080000000, 0x000000008cc80000, 0x00000000d5580000)
  object space 209408K, 6% used [0x0000000080000000,0x0000000080ce07b0,0x000000008cc80000)
 Metaspace       used 34350K, capacity 35456K, committed 35496K, reserved 1079296K
  class space    used 4734K, capacity 5003K, committed 5040K, reserved 1048576K
Event: 2.867 GC heap after
Heap after GC invocations=5 (full 1):
 PSYoungGen      total 218112K, used 9079K [0x00000000d5580000, 0x00000000e5000000, 0x0000000100000000)
  eden space 196608K, 0% used [0x00000000d5580000,0x00000000d5580000,0x00000000e1580000)
  from space 21504K, 42% used [0x00000000e2a80000,0x00000000e335dec0,0x00000000e3f80000)
  to   space 21504K, 0% used [0x00000000e1580000,0x00000000e1580000,0x00000000e2a80000)
 ParOldGen       total 209408K, used 13193K [0x0000000080000000, 0x000000008cc80000, 0x00000000d5580000)
  object space 209408K, 6% used [0x0000000080000000,0x0000000080ce27b0,0x000000008cc80000)
 Metaspace       used 34350K, capacity 35456K, committed 35496K, reserved 1079296K
  class space    used 4734K, capacity 5003K, committed 5040K, reserved 1048576K
}
Event: 2.867 GC heap before
{Heap before GC invocations=6 (full 2):
 PSYoungGen      total 218112K, used 9079K [0x00000000d5580000, 0x00000000e5000000, 0x0000000100000000)
  eden space 196608K, 0% used [0x00000000d5580000,0x00000000d5580000,0x00000000e1580000)
  from space 21504K, 42% used [0x00000000e2a80000,0x00000000e335dec0,0x00000000e3f80000)
  to   space 21504K, 0% used [0x00000000e1580000,0x00000000e1580000,0x00000000e2a80000)
 ParOldGen       total 209408K, used 13193K [0x0000000080000000, 0x000000008cc80000, 0x00000000d5580000)
  object space 209408K, 6% used [0x0000000080000000,0x0000000080ce27b0,0x000000008cc80000)
 Metaspace       used 34350K, capacity 35456K, committed 35496K, reserved 1079296K
  class space    used 4734K, capacity 5003K, committed 5040K, reserved 1048576K
Event: 2.893 GC heap after
Heap after GC invocations=6 (full 2):
 PSYoungGen      total 218112K, used 0K [0x00000000d5580000, 0x00000000e5000000, 0x0000000100000000)
  eden space 196608K, 0% used [0x00000000d5580000,0x00000000d5580000,0x00000000e1580000)
  from space 21504K, 0% used [0x00000000e2a80000,0x00000000e2a80000,0x00000000e3f80000)
  to   space 21504K, 0% used [0x00000000e1580000,0x00000000e1580000,0x00000000e2a80000)
 ParOldGen       total 321024K, used 15473K [0x0000000080000000, 0x0000000093980000, 0x00000000d5580000)
  object space 321024K, 4% used [0x0000000080000000,0x0000000080f1c770,0x0000000093980000)
 Metaspace       used 34350K, capacity 35456K, committed 35496K, reserved 1079296K
  class space    used 4734K, capacity 5003K, committed 5040K, reserved 1048576K
}
Event: 3.681 GC heap before
{Heap before GC invocations=7 (full 2):
 PSYoungGen      total 218112K, used 196608K [0x00000000d5580000, 0x00000000e5000000, 0x0000000100000000)
  eden space 196608K, 100% used [0x00000000d5580000,0x00000000e1580000,0x00000000e1580000)
  from space 21504K, 0% used [0x00000000e2a80000,0x00000000e2a80000,0x00000000e3f80000)
  to   space 21504K, 0% used [0x00000000e1580000,0x00000000e1580000,0x00000000e2a80000)
 ParOldGen       total 321024K, used 15473K [0x0000000080000000, 0x0000000093980000, 0x00000000d5580000)
  object space 321024K, 4% used [0x0000000080000000,0x0000000080f1c770,0x0000000093980000)
 Metaspace       used 43881K, capacity 45686K, committed 45992K, reserved 1089536K
  class space    used 5941K, capacity 6301K, committed 6320K, reserved 1048576K
Event: 3.690 GC heap after
Heap after GC invocations=7 (full 2):
 PSYoungGen      total 218112K, used 13035K [0x00000000d5580000, 0x00000000e8800000, 0x0000000100000000)
  eden space 196608K, 0% used [0x00000000d5580000,0x00000000d5580000,0x00000000e1580000)
  from space 21504K, 60% used [0x00000000e1580000,0x00000000e223adc8,0x00000000e2a80000)
  to   space 16896K, 0% used [0x00000000e7780000,0x00000000e7780000,0x00000000e8800000)
 ParOldGen       total 321024K, used 15481K [0x0000000080000000, 0x0000000093980000, 0x00000000d5580000)
  object space 321024K, 4% used [0x0000000080000000,0x0000000080f1e770,0x0000000093980000)
 Metaspace       used 43881K, capacity 45686K, committed 45992K, reserved 1089536K
  class space    used 5941K, capacity 6301K, committed 6320K, reserved 1048576K
}

